<?xml version="1.0" encoding="UTF-8"?>
<!-- Generated by org.testng.reporters.JUnitReportReporter -->
<testsuite hostname="Nitzan-PC" failures="0" tests="1" name="TestCases.E2E" time="19.945" errors="0" timestamp="14 ינו׳ 2020 01:47:12 GMT" skipped="0">
  <testcase classname="TestCases.E2E" name="e2eTesting_CreateNewUser" time="19.945"/>
</testsuite> <!-- TestCases.E2E -->
